android_freelas/app/build/intermediates/manifest_merge_blame_file/debug/manifest-merger-blame-debug-report.txt
1<?xml version="1.0" encoding="utf-8"?>
2<manifest xmlns:android="http://schemas.android.com/apk/res/android"
3    package="com.freelas.app"
4    android:versionCode="1"
5    android:versionName="1.0" >
6
7    <uses-sdk
8        android:minSdkVersion="24"
9        android:targetSdkVersion="34" />
10
11    <!-- Permissions -->
12    <uses-feature
12-->src\main\AndroidManifest.xml:6:5-8:36
13        android:name="android.hardware.camera"
13-->src\main\AndroidManifest.xml:7:9-47
14        android:required="false" />
14-->src\main\AndroidManifest.xml:8:9-33
15
16    <uses-permission android:name="android.permission.INTERNET" />
16-->src\main\AndroidManifest.xml:10:5-67
16-->src\main\AndroidManifest.xml:10:22-64
17    <uses-permission android:name="android.permission.ACCESS_NETWORK_STATE" />
17-->src\main\AndroidManifest.xml:11:5-79
17-->src\main\AndroidManifest.xml:11:22-76
18    <uses-permission android:name="android.permission.ACCESS_FINE_LOCATION" />
18-->src\main\AndroidManifest.xml:12:5-79
18-->src\main\AndroidManifest.xml:12:22-76
19    <uses-permission android:name="android.permission.ACCESS_COARSE_LOCATION" />
19-->src\main\AndroidManifest.xml:13:5-81
19-->src\main\AndroidManifest.xml:13:22-78
20    <uses-permission android:name="android.permission.CAMERA" />
20-->src\main\AndroidManifest.xml:14:5-65
20-->src\main\AndroidManifest.xml:14:22-62
21    <uses-permission android:name="android.permission.READ_EXTERNAL_STORAGE" />
21-->src\main\AndroidManifest.xml:15:5-80
21-->src\main\AndroidManifest.xml:15:22-77
22    <uses-permission android:name="android.permission.WRITE_EXTERNAL_STORAGE" />
22-->src\main\AndroidManifest.xml:16:5-81
22-->src\main\AndroidManifest.xml:16:22-78
23    <uses-permission android:name="android.permission.POST_NOTIFICATIONS" />
23-->src\main\AndroidManifest.xml:17:5-77
23-->src\main\AndroidManifest.xml:17:22-74
24    <uses-permission android:name="android.permission.VIBRATE" />
24-->src\main\AndroidManifest.xml:18:5-66
24-->src\main\AndroidManifest.xml:18:22-63
25    <uses-permission android:name="android.permission.WAKE_LOCK" />
25-->src\main\AndroidManifest.xml:19:5-68
25-->src\main\AndroidManifest.xml:19:22-65
26
27    <uses-feature
27-->[com.google.android.gms:play-services-maps:18.2.0] AndroidManifest.xml:26:5-28:35
28        android:glEsVersion="0x00020000"
28-->[com.google.android.gms:play-services-maps:18.2.0] AndroidManifest.xml:27:9-41
29        android:required="true" />
29-->[com.google.android.gms:play-services-maps:18.2.0] AndroidManifest.xml:28:9-32
30
31    <queries>
31-->[com.google.android.gms:play-services-maps:18.2.0] AndroidManifest.xml:30:5-34:15
32
33        <!-- Needs to be explicitly declared on Android R+ -->
34        <package android:name="com.google.android.apps.maps" />
34-->[com.google.android.gms:play-services-maps:18.2.0] AndroidManifest.xml:33:9-64
34-->[com.google.android.gms:play-services-maps:18.2.0] AndroidManifest.xml:33:18-61
35    </queries> <!-- Required by older versions of Google Play services to create IID tokens -->
36    <uses-permission android:name="com.google.android.c2dm.permission.RECEIVE" />
36-->[com.google.firebase:firebase-messaging:23.4.0] AndroidManifest.xml:26:5-82
36-->[com.google.firebase:firebase-messaging:23.4.0] AndroidManifest.xml:26:22-79
37    <uses-permission android:name="com.google.android.gms.permission.AD_ID" />
37-->[com.google.android.gms:play-services-measurement-api:21.5.0] AndroidManifest.xml:25:5-79
37-->[com.google.android.gms:play-services-measurement-api:21.5.0] AndroidManifest.xml:25:22-76
38    <uses-permission android:name="android.permission.ACCESS_ADSERVICES_ATTRIBUTION" />
38-->[com.google.android.gms:play-services-measurement-api:21.5.0] AndroidManifest.xml:26:5-88
38-->[com.google.android.gms:play-services-measurement-api:21.5.0] AndroidManifest.xml:26:22-85
39    <uses-permission android:name="android.permission.ACCESS_ADSERVICES_AD_ID" />
39-->[com.google.android.gms:play-services-measurement-api:21.5.0] AndroidManifest.xml:27:5-82
39-->[com.google.android.gms:play-services-measurement-api:21.5.0] AndroidManifest.xml:27:22-79
40    <uses-permission android:name="com.google.android.finsky.permission.BIND_GET_INSTALL_REFERRER_SERVICE" />
40-->[com.google.android.gms:play-services-measurement:21.5.0] AndroidManifest.xml:26:5-110
40-->[com.google.android.gms:play-services-measurement:21.5.0] AndroidManifest.xml:26:22-107
41
42    <permission
42-->[androidx.core:core:1.12.0] AndroidManifest.xml:22:5-24:47
43        android:name="com.freelas.app.DYNAMIC_RECEIVER_NOT_EXPORTED_PERMISSION"
43-->[androidx.core:core:1.12.0] AndroidManifest.xml:23:9-81
44        android:protectionLevel="signature" />
44-->[androidx.core:core:1.12.0] AndroidManifest.xml:24:9-44
45
46    <uses-permission android:name="com.freelas.app.DYNAMIC_RECEIVER_NOT_EXPORTED_PERMISSION" />
46-->[androidx.core:core:1.12.0] AndroidManifest.xml:26:5-97
46-->[androidx.core:core:1.12.0] AndroidManifest.xml:26:22-94
47
48    <application
48-->src\main\AndroidManifest.xml:21:5-64:19
49        android:name="com.freelas.app.FreelasApplication"
49-->src\main\AndroidManifest.xml:22:9-43
50        android:allowBackup="true"
50-->src\main\AndroidManifest.xml:23:9-35
51        android:appComponentFactory="androidx.core.app.CoreComponentFactory"
51-->[androidx.core:core:1.12.0] AndroidManifest.xml:28:18-86
52        android:debuggable="true"
53        android:extractNativeLibs="false"
54        android:icon="@drawable/ic_launcher"
54-->src\main\AndroidManifest.xml:24:9-45
55        android:label="@string/app_name"
55-->src\main\AndroidManifest.xml:25:9-41
56        android:supportsRtl="true"
56-->src\main\AndroidManifest.xml:26:9-35
57        android:testOnly="true"
58        android:theme="@style/Theme.FreelasApp" >
58-->src\main\AndroidManifest.xml:27:9-48
59
60        <!-- Uses Library -->
61        <uses-library
61-->src\main\AndroidManifest.xml:31:9-33:40
62            android:name="org.apache.http.legacy"
62-->src\main\AndroidManifest.xml:32:13-50
63            android:required="false" />
63-->src\main\AndroidManifest.xml:33:13-37
64
65        <!-- Google Maps API Key -->
66        <meta-data
67            android:name="com.google.android.geo.API_KEY"
67-->src\main\AndroidManifest.xml:37:13-58
68            android:value="AIzaSyCBZOxsRUQIZXhaZ6M74VcMWIKx8RSNQVY" />
68-->src\main\AndroidManifest.xml:38:13-44
69
70        <!-- Firebase Cloud Messaging - Temporarily disabled -->
71        <!--
72        <service
73            android:name=".service.FirebaseMessagingService"
74            android:exported="false">
75            <intent-filter>
76                <action android:name="com.google.firebase.MESSAGING_EVENT" />
77            </intent-filter>
78        </service>
79        -->
80
81
82        <!-- Main Activity -->
83        <activity
83-->src\main\AndroidManifest.xml:52:9-61:20
84            android:name="com.freelas.app.MainActivity"
84-->src\main\AndroidManifest.xml:53:13-41
85            android:exported="true"
85-->src\main\AndroidManifest.xml:54:13-36
86            android:label="@string/app_name"
86-->src\main\AndroidManifest.xml:55:13-45
87            android:theme="@style/Theme.FreelasApp" >
87-->src\main\AndroidManifest.xml:56:13-52
88            <intent-filter>
88-->src\main\AndroidManifest.xml:57:13-60:29
89                <action android:name="android.intent.action.MAIN" />
89-->src\main\AndroidManifest.xml:58:17-69
89-->src\main\AndroidManifest.xml:58:25-66
90
91                <category android:name="android.intent.category.LAUNCHER" />
91-->src\main\AndroidManifest.xml:59:17-77
91-->src\main\AndroidManifest.xml:59:27-74
92            </intent-filter>
93        </activity>
94        <activity
94-->[androidx.compose.ui:ui-test-manifest:1.5.4] AndroidManifest.xml:23:9-25:39
95            android:name="androidx.activity.ComponentActivity"
95-->[androidx.compose.ui:ui-test-manifest:1.5.4] AndroidManifest.xml:24:13-63
96            android:exported="true" />
96-->[androidx.compose.ui:ui-test-manifest:1.5.4] AndroidManifest.xml:25:13-36
97        <activity
97-->[androidx.compose.ui:ui-tooling-android:1.5.4] AndroidManifest.xml:23:9-25:39
98            android:name="androidx.compose.ui.tooling.PreviewActivity"
98-->[androidx.compose.ui:ui-tooling-android:1.5.4] AndroidManifest.xml:24:13-71
99            android:exported="true" />
99-->[androidx.compose.ui:ui-tooling-android:1.5.4] AndroidManifest.xml:25:13-36
100
101        <service
101-->[com.google.firebase:firebase-messaging-ktx:23.4.0] AndroidManifest.xml:23:9-29:19
102            android:name="com.google.firebase.components.ComponentDiscoveryService"
102-->[com.google.firebase:firebase-messaging-ktx:23.4.0] AndroidManifest.xml:24:13-84
103            android:directBootAware="true"
103-->[com.google.firebase:firebase-common:20.4.2] AndroidManifest.xml:32:13-43
104            android:exported="false" >
104-->[com.google.firebase:firebase-messaging-ktx:23.4.0] AndroidManifest.xml:25:13-37
105            <meta-data
105-->[com.google.firebase:firebase-messaging-ktx:23.4.0] AndroidManifest.xml:26:13-28:85
106                android:name="com.google.firebase.components:com.google.firebase.messaging.ktx.FirebaseMessagingLegacyRegistrar"
106-->[com.google.firebase:firebase-messaging-ktx:23.4.0] AndroidManifest.xml:27:17-129
107                android:value="com.google.firebase.components.ComponentRegistrar" />
107-->[com.google.firebase:firebase-messaging-ktx:23.4.0] AndroidManifest.xml:28:17-82
108            <meta-data
108-->[com.google.firebase:firebase-messaging:23.4.0] AndroidManifest.xml:57:13-59:85
109                android:name="com.google.firebase.components:com.google.firebase.messaging.FirebaseMessagingKtxRegistrar"
109-->[com.google.firebase:firebase-messaging:23.4.0] AndroidManifest.xml:58:17-122
110                android:value="com.google.firebase.components.ComponentRegistrar" />
110-->[com.google.firebase:firebase-messaging:23.4.0] AndroidManifest.xml:59:17-82
111            <meta-data
111-->[com.google.firebase:firebase-messaging:23.4.0] AndroidManifest.xml:60:13-62:85
112                android:name="com.google.firebase.components:com.google.firebase.messaging.FirebaseMessagingRegistrar"
112-->[com.google.firebase:firebase-messaging:23.4.0] AndroidManifest.xml:61:17-119
113                android:value="com.google.firebase.components.ComponentRegistrar" />
113-->[com.google.firebase:firebase-messaging:23.4.0] AndroidManifest.xml:62:17-82
114            <meta-data
114-->[com.google.firebase:firebase-analytics-ktx:21.5.0] AndroidManifest.xml:11:13-13:85
115                android:name="com.google.firebase.components:com.google.firebase.analytics.ktx.FirebaseAnalyticsLegacyRegistrar"
115-->[com.google.firebase:firebase-analytics-ktx:21.5.0] AndroidManifest.xml:12:17-129
116                android:value="com.google.firebase.components.ComponentRegistrar" />
116-->[com.google.firebase:firebase-analytics-ktx:21.5.0] AndroidManifest.xml:13:17-82
117            <meta-data
117-->[com.google.android.gms:play-services-measurement-api:21.5.0] AndroidManifest.xml:37:13-39:85
118                android:name="com.google.firebase.components:com.google.firebase.analytics.connector.internal.AnalyticsConnectorRegistrar"
118-->[com.google.android.gms:play-services-measurement-api:21.5.0] AndroidManifest.xml:38:17-139
119                android:value="com.google.firebase.components.ComponentRegistrar" />
119-->[com.google.android.gms:play-services-measurement-api:21.5.0] AndroidManifest.xml:39:17-82
120            <meta-data
120-->[com.google.firebase:firebase-installations:17.2.0] AndroidManifest.xml:15:13-17:85
121                android:name="com.google.firebase.components:com.google.firebase.installations.FirebaseInstallationsKtxRegistrar"
121-->[com.google.firebase:firebase-installations:17.2.0] AndroidManifest.xml:16:17-130
122                android:value="com.google.firebase.components.ComponentRegistrar" />
122-->[com.google.firebase:firebase-installations:17.2.0] AndroidManifest.xml:17:17-82
123            <meta-data
123-->[com.google.firebase:firebase-installations:17.2.0] AndroidManifest.xml:18:13-20:85
124                android:name="com.google.firebase.components:com.google.firebase.installations.FirebaseInstallationsRegistrar"
124-->[com.google.firebase:firebase-installations:17.2.0] AndroidManifest.xml:19:17-127
125                android:value="com.google.firebase.components.ComponentRegistrar" />
125-->[com.google.firebase:firebase-installations:17.2.0] AndroidManifest.xml:20:17-82
126            <meta-data
126-->[com.google.firebase:firebase-common-ktx:20.4.2] AndroidManifest.xml:12:13-14:85
127                android:name="com.google.firebase.components:com.google.firebase.ktx.FirebaseCommonLegacyRegistrar"
127-->[com.google.firebase:firebase-common-ktx:20.4.2] AndroidManifest.xml:13:17-116
128                android:value="com.google.firebase.components.ComponentRegistrar" />
128-->[com.google.firebase:firebase-common-ktx:20.4.2] AndroidManifest.xml:14:17-82
129            <meta-data
129-->[com.google.firebase:firebase-common:20.4.2] AndroidManifest.xml:35:13-37:85
130                android:name="com.google.firebase.components:com.google.firebase.FirebaseCommonKtxRegistrar"
130-->[com.google.firebase:firebase-common:20.4.2] AndroidManifest.xml:36:17-109
131                android:value="com.google.firebase.components.ComponentRegistrar" />
131-->[com.google.firebase:firebase-common:20.4.2] AndroidManifest.xml:37:17-82
132            <meta-data
132-->[com.google.firebase:firebase-datatransport:18.1.7] AndroidManifest.xml:27:13-29:85
133                android:name="com.google.firebase.components:com.google.firebase.datatransport.TransportRegistrar"
133-->[com.google.firebase:firebase-datatransport:18.1.7] AndroidManifest.xml:28:17-115
134                android:value="com.google.firebase.components.ComponentRegistrar" />
134-->[com.google.firebase:firebase-datatransport:18.1.7] AndroidManifest.xml:29:17-82
135        </service>
136
137        <receiver
137-->[com.google.firebase:firebase-messaging:23.4.0] AndroidManifest.xml:29:9-40:20
138            android:name="com.google.firebase.iid.FirebaseInstanceIdReceiver"
138-->[com.google.firebase:firebase-messaging:23.4.0] AndroidManifest.xml:30:13-78
139            android:exported="true"
139-->[com.google.firebase:firebase-messaging:23.4.0] AndroidManifest.xml:31:13-36
140            android:permission="com.google.android.c2dm.permission.SEND" >
140-->[com.google.firebase:firebase-messaging:23.4.0] AndroidManifest.xml:32:13-73
141            <intent-filter>
141-->[com.google.firebase:firebase-messaging:23.4.0] AndroidManifest.xml:33:13-35:29
142                <action android:name="com.google.android.c2dm.intent.RECEIVE" />
142-->[com.google.firebase:firebase-messaging:23.4.0] AndroidManifest.xml:34:17-81
142-->[com.google.firebase:firebase-messaging:23.4.0] AndroidManifest.xml:34:25-78
143            </intent-filter>
144
145            <meta-data
145-->[com.google.firebase:firebase-messaging:23.4.0] AndroidManifest.xml:37:13-39:40
146                android:name="com.google.android.gms.cloudmessaging.FINISHED_AFTER_HANDLED"
146-->[com.google.firebase:firebase-messaging:23.4.0] AndroidManifest.xml:38:17-92
147                android:value="true" />
147-->[com.google.firebase:firebase-messaging:23.4.0] AndroidManifest.xml:39:17-37
148        </receiver>
149        <!--
150             FirebaseMessagingService performs security checks at runtime,
151             but set to not exported to explicitly avoid allowing another app to call it.
152        -->
153        <service
153-->[com.google.firebase:firebase-messaging:23.4.0] AndroidManifest.xml:46:9-53:19
154            android:name="com.google.firebase.messaging.FirebaseMessagingService"
154-->[com.google.firebase:firebase-messaging:23.4.0] AndroidManifest.xml:47:13-82
155            android:directBootAware="true"
155-->[com.google.firebase:firebase-messaging:23.4.0] AndroidManifest.xml:48:13-43
156            android:exported="false" >
156-->[com.google.firebase:firebase-messaging:23.4.0] AndroidManifest.xml:49:13-37
157            <intent-filter android:priority="-500" >
157-->[com.google.firebase:firebase-messaging:23.4.0] AndroidManifest.xml:50:13-52:29
157-->[com.google.firebase:firebase-messaging:23.4.0] AndroidManifest.xml:50:28-51
158                <action android:name="com.google.firebase.MESSAGING_EVENT" />
158-->[com.google.firebase:firebase-messaging:23.4.0] AndroidManifest.xml:51:17-78
158-->[com.google.firebase:firebase-messaging:23.4.0] AndroidManifest.xml:51:25-75
159            </intent-filter>
160        </service>
161
162        <activity
162-->[com.google.android.gms:play-services-base:18.1.0] AndroidManifest.xml:20:9-22:45
163            android:name="com.google.android.gms.common.api.GoogleApiActivity"
163-->[com.google.android.gms:play-services-base:18.1.0] AndroidManifest.xml:20:19-85
164            android:exported="false"
164-->[com.google.android.gms:play-services-base:18.1.0] AndroidManifest.xml:22:19-43
165            android:theme="@android:style/Theme.Translucent.NoTitleBar" />
165-->[com.google.android.gms:play-services-base:18.1.0] AndroidManifest.xml:21:19-78
166
167        <property
167-->[com.google.android.gms:play-services-measurement-api:21.5.0] AndroidManifest.xml:30:9-32:61
168            android:name="android.adservices.AD_SERVICES_CONFIG"
168-->[com.google.android.gms:play-services-measurement-api:21.5.0] AndroidManifest.xml:31:13-65
169            android:resource="@xml/ga_ad_services_config" />
169-->[com.google.android.gms:play-services-measurement-api:21.5.0] AndroidManifest.xml:32:13-58
170
171        <provider
171-->[com.google.firebase:firebase-common:20.4.2] AndroidManifest.xml:23:9-28:39
172            android:name="com.google.firebase.provider.FirebaseInitProvider"
172-->[com.google.firebase:firebase-common:20.4.2] AndroidManifest.xml:24:13-77
173            android:authorities="com.freelas.app.firebaseinitprovider"
173-->[com.google.firebase:firebase-common:20.4.2] AndroidManifest.xml:25:13-72
174            android:directBootAware="true"
174-->[com.google.firebase:firebase-common:20.4.2] AndroidManifest.xml:26:13-43
175            android:exported="false"
175-->[com.google.firebase:firebase-common:20.4.2] AndroidManifest.xml:27:13-37
176            android:initOrder="100" />
176-->[com.google.firebase:firebase-common:20.4.2] AndroidManifest.xml:28:13-36
177
178        <uses-library
178-->[androidx.window:window:1.0.0] AndroidManifest.xml:25:9-27:40
179            android:name="androidx.window.extensions"
179-->[androidx.window:window:1.0.0] AndroidManifest.xml:26:13-54
180            android:required="false" />
180-->[androidx.window:window:1.0.0] AndroidManifest.xml:27:13-37
181        <uses-library
181-->[androidx.window:window:1.0.0] AndroidManifest.xml:28:9-30:40
182            android:name="androidx.window.sidecar"
182-->[androidx.window:window:1.0.0] AndroidManifest.xml:29:13-51
183            android:required="false" />
183-->[androidx.window:window:1.0.0] AndroidManifest.xml:30:13-37
184
185        <receiver
185-->[com.google.android.gms:play-services-measurement:21.5.0] AndroidManifest.xml:29:9-33:20
186            android:name="com.google.android.gms.measurement.AppMeasurementReceiver"
186-->[com.google.android.gms:play-services-measurement:21.5.0] AndroidManifest.xml:30:13-85
187            android:enabled="true"
187-->[com.google.android.gms:play-services-measurement:21.5.0] AndroidManifest.xml:31:13-35
188            android:exported="false" >
188-->[com.google.android.gms:play-services-measurement:21.5.0] AndroidManifest.xml:32:13-37
189        </receiver>
190
191        <service
191-->[com.google.android.gms:play-services-measurement:21.5.0] AndroidManifest.xml:35:9-38:40
192            android:name="com.google.android.gms.measurement.AppMeasurementService"
192-->[com.google.android.gms:play-services-measurement:21.5.0] AndroidManifest.xml:36:13-84
193            android:enabled="true"
193-->[com.google.android.gms:play-services-measurement:21.5.0] AndroidManifest.xml:37:13-35
194            android:exported="false" />
194-->[com.google.android.gms:play-services-measurement:21.5.0] AndroidManifest.xml:38:13-37
195        <service
195-->[com.google.android.gms:play-services-measurement:21.5.0] AndroidManifest.xml:39:9-43:72
196            android:name="com.google.android.gms.measurement.AppMeasurementJobService"
196-->[com.google.android.gms:play-services-measurement:21.5.0] AndroidManifest.xml:40:13-87
197            android:enabled="true"
197-->[com.google.android.gms:play-services-measurement:21.5.0] AndroidManifest.xml:41:13-35
198            android:exported="false"
198-->[com.google.android.gms:play-services-measurement:21.5.0] AndroidManifest.xml:42:13-37
199            android:permission="android.permission.BIND_JOB_SERVICE" />
199-->[com.google.android.gms:play-services-measurement:21.5.0] AndroidManifest.xml:43:13-69
200
201        <uses-library
201-->[androidx.privacysandbox.ads:ads-adservices:1.0.0-beta05] AndroidManifest.xml:23:9-25:40
202            android:name="android.ext.adservices"
202-->[androidx.privacysandbox.ads:ads-adservices:1.0.0-beta05] AndroidManifest.xml:24:13-50
203            android:required="false" />
203-->[androidx.privacysandbox.ads:ads-adservices:1.0.0-beta05] AndroidManifest.xml:25:13-37
204
205        <meta-data
205-->[com.google.android.gms:play-services-basement:18.1.0] AndroidManifest.xml:21:9-23:69
206            android:name="com.google.android.gms.version"
206-->[com.google.android.gms:play-services-basement:18.1.0] AndroidManifest.xml:22:13-58
207            android:value="@integer/google_play_services_version" />
207-->[com.google.android.gms:play-services-basement:18.1.0] AndroidManifest.xml:23:13-66
208
209        <provider
209-->[androidx.emoji2:emoji2:1.4.0] AndroidManifest.xml:24:9-32:20
210            android:name="androidx.startup.InitializationProvider"
210-->[androidx.emoji2:emoji2:1.4.0] AndroidManifest.xml:25:13-67
211            android:authorities="com.freelas.app.androidx-startup"
211-->[androidx.emoji2:emoji2:1.4.0] AndroidManifest.xml:26:13-68
212            android:exported="false" >
212-->[androidx.emoji2:emoji2:1.4.0] AndroidManifest.xml:27:13-37
213            <meta-data
213-->[androidx.emoji2:emoji2:1.4.0] AndroidManifest.xml:29:13-31:52
214                android:name="androidx.emoji2.text.EmojiCompatInitializer"
214-->[androidx.emoji2:emoji2:1.4.0] AndroidManifest.xml:30:17-75
215                android:value="androidx.startup" />
215-->[androidx.emoji2:emoji2:1.4.0] AndroidManifest.xml:31:17-49
216            <meta-data
216-->[androidx.lifecycle:lifecycle-process:2.7.0] AndroidManifest.xml:29:13-31:52
217                android:name="androidx.lifecycle.ProcessLifecycleInitializer"
217-->[androidx.lifecycle:lifecycle-process:2.7.0] AndroidManifest.xml:30:17-78
218                android:value="androidx.startup" />
218-->[androidx.lifecycle:lifecycle-process:2.7.0] AndroidManifest.xml:31:17-49
219            <meta-data
219-->[androidx.profileinstaller:profileinstaller:1.3.1] AndroidManifest.xml:29:13-31:52
220                android:name="androidx.profileinstaller.ProfileInstallerInitializer"
220-->[androidx.profileinstaller:profileinstaller:1.3.1] AndroidManifest.xml:30:17-85
221                android:value="androidx.startup" />
221-->[androidx.profileinstaller:profileinstaller:1.3.1] AndroidManifest.xml:31:17-49
222        </provider>
223
224        <receiver
224-->[androidx.profileinstaller:profileinstaller:1.3.1] AndroidManifest.xml:34:9-52:20
225            android:name="androidx.profileinstaller.ProfileInstallReceiver"
225-->[androidx.profileinstaller:profileinstaller:1.3.1] AndroidManifest.xml:35:13-76
226            android:directBootAware="false"
226-->[androidx.profileinstaller:profileinstaller:1.3.1] AndroidManifest.xml:36:13-44
227            android:enabled="true"
227-->[androidx.profileinstaller:profileinstaller:1.3.1] AndroidManifest.xml:37:13-35
228            android:exported="true"
228-->[androidx.profileinstaller:profileinstaller:1.3.1] AndroidManifest.xml:38:13-36
229            android:permission="android.permission.DUMP" >
229-->[androidx.profileinstaller:profileinstaller:1.3.1] AndroidManifest.xml:39:13-57
230            <intent-filter>
230-->[androidx.profileinstaller:profileinstaller:1.3.1] AndroidManifest.xml:40:13-42:29
231                <action android:name="androidx.profileinstaller.action.INSTALL_PROFILE" />
231-->[androidx.profileinstaller:profileinstaller:1.3.1] AndroidManifest.xml:41:17-91
231-->[androidx.profileinstaller:profileinstaller:1.3.1] AndroidManifest.xml:41:25-88
232            </intent-filter>
233            <intent-filter>
233-->[androidx.profileinstaller:profileinstaller:1.3.1] AndroidManifest.xml:43:13-45:29
234                <action android:name="androidx.profileinstaller.action.SKIP_FILE" />
234-->[androidx.profileinstaller:profileinstaller:1.3.1] AndroidManifest.xml:44:17-85
234-->[androidx.profileinstaller:profileinstaller:1.3.1] AndroidManifest.xml:44:25-82
235            </intent-filter>
236            <intent-filter>
236-->[androidx.profileinstaller:profileinstaller:1.3.1] AndroidManifest.xml:46:13-48:29
237                <action android:name="androidx.profileinstaller.action.SAVE_PROFILE" />
237-->[androidx.profileinstaller:profileinstaller:1.3.1] AndroidManifest.xml:47:17-88
237-->[androidx.profileinstaller:profileinstaller:1.3.1] AndroidManifest.xml:47:25-85
238            </intent-filter>
239            <intent-filter>
239-->[androidx.profileinstaller:profileinstaller:1.3.1] AndroidManifest.xml:49:13-51:29
240                <action android:name="androidx.profileinstaller.action.BENCHMARK_OPERATION" />
240-->[androidx.profileinstaller:profileinstaller:1.3.1] AndroidManifest.xml:50:17-95
240-->[androidx.profileinstaller:profileinstaller:1.3.1] AndroidManifest.xml:50:25-92
241            </intent-filter>
242        </receiver>
243
244        <service
244-->[com.google.android.datatransport:transport-backend-cct:3.1.8] AndroidManifest.xml:28:9-34:19
245            android:name="com.google.android.datatransport.runtime.backends.TransportBackendDiscovery"
245-->[com.google.android.datatransport:transport-backend-cct:3.1.8] AndroidManifest.xml:29:13-103
246            android:exported="false" >
246-->[com.google.android.datatransport:transport-backend-cct:3.1.8] AndroidManifest.xml:30:13-37
247            <meta-data
247-->[com.google.android.datatransport:transport-backend-cct:3.1.8] AndroidManifest.xml:31:13-33:39
248                android:name="backend:com.google.android.datatransport.cct.CctBackendFactory"
248-->[com.google.android.datatransport:transport-backend-cct:3.1.8] AndroidManifest.xml:32:17-94
249                android:value="cct" />
249-->[com.google.android.datatransport:transport-backend-cct:3.1.8] AndroidManifest.xml:33:17-36
250        </service>
251        <service
251-->[com.google.android.datatransport:transport-runtime:3.1.8] AndroidManifest.xml:26:9-30:19
252            android:name="com.google.android.datatransport.runtime.scheduling.jobscheduling.JobInfoSchedulerService"
252-->[com.google.android.datatransport:transport-runtime:3.1.8] AndroidManifest.xml:27:13-117
253            android:exported="false"
253-->[com.google.android.datatransport:transport-runtime:3.1.8] AndroidManifest.xml:28:13-37
254            android:permission="android.permission.BIND_JOB_SERVICE" >
254-->[com.google.android.datatransport:transport-runtime:3.1.8] AndroidManifest.xml:29:13-69
255        </service>
256
257        <receiver
257-->[com.google.android.datatransport:transport-runtime:3.1.8] AndroidManifest.xml:32:9-34:40
258            android:name="com.google.android.datatransport.runtime.scheduling.jobscheduling.AlarmManagerSchedulerBroadcastReceiver"
258-->[com.google.android.datatransport:transport-runtime:3.1.8] AndroidManifest.xml:33:13-132
259            android:exported="false" />
259-->[com.google.android.datatransport:transport-runtime:3.1.8] AndroidManifest.xml:34:13-37
260    </application>
261
262</manifest>